<?xml version="1.0" encoding="UTF-8"?>
<!-- Generated by org.testng.reporters.JUnitReportReporter -->
<testsuite skipped="0" hostname="HP-PC" name="TestsampleBrowser.SampleBrowser.test" tests="1" failures="0" timestamp="02 Sep 2018 14:21:14 GMT" time="0.008" errors="0">
  <testcase name="googelTitleTest" time="0.008" classname="TestsampleBrowser.SampleBrowser.test"/>
</testsuite> <!-- TestsampleBrowser.SampleBrowser.test -->
